<?xml version="1.0" encoding="UTF-8"?>
<!-- Generated by org.testng.reporters.JUnitReportReporter -->
<testsuite hostname="Pranalipc" name="com.mt.utility.CloseBrowser" tests="1" failures="0" timestamp="10 Sep 2019 09:27:30 GMT" time="5.231" errors="0">
  <testcase name="closeBrowser" time="5.231" classname="com.mt.utility.CloseBrowser"/>
</testsuite> <!-- com.mt.utility.CloseBrowser -->
